<?xml version="1.0" encoding="UTF-8"?>
<!-- Generated by org.testng.reporters.JUnitXMLReporter -->
<testsuite hostname="HIJ-LP547" ignored="0" name="Default test" tests="2" failures="0" timestamp="08 Jun 2022 04:05:27 GMT" time="41.58" errors="0">
  <testcase name="validateHomePageTitle" time="10.301" classname="com.qa.SeleniumFramework.test.HomePageTest"/>
  <testcase name="navigateToProductionModule" time="21.237" classname="com.qa.SeleniumFramework.test.HomePageTest"/>
</testsuite> <!-- Default test -->
