<?xml version="1.0" encoding="UTF-8"?>
<!-- Generated by org.testng.reporters.JUnitXMLReporter -->
<testsuite hostname="HIJ-LP547" ignored="0" name="Default test" tests="2" failures="0" timestamp="19 Jul 2022 08:02:30 GMT" time="51.404" errors="0">
  <testcase name="validateHomePageTitle" time="7.26" classname="com.qa.SeleniumFramework.test.HomePageTest"/>
  <testcase name="navigateToProductionModule" time="24.834" classname="com.qa.SeleniumFramework.test.HomePageTest"/>
</testsuite> <!-- Default test -->
