<?xml version="1.0" encoding="UTF-8"?>
<!-- Generated by org.testng.reporters.JUnitXMLReporter -->
<testsuite hostname="HIJ-LP547" ignored="0" name="Home Page Test" tests="2" failures="0" timestamp="07 Aug 2022 08:24:08 GMT" time="93.706" errors="0">
  <testcase name="validateHomePageTitle" time="4.849" classname="com.qa.SeleniumFramework.test.HomePageTest"/>
  <testcase name="navigateToProductionModule" time="76.611" classname="com.qa.SeleniumFramework.test.HomePageTest"/>
</testsuite> <!-- Home Page Test -->
