<?xml version="1.0" encoding="UTF-8"?>
<!-- Generated by org.testng.reporters.JUnitXMLReporter -->
<testsuite hostname="HIJ-LP547" ignored="2" name="Test" tests="4" failures="0" timestamp="02 May 2022 13:57:12 GMT" time="11.295" errors="0">
  <testcase name="@BeforeClass homePageSetup" time="0.001" classname="com.qa.SeleniumFramework.test.HomePageTest">
    <failure type="java.lang.NullPointerException">
      <![CDATA[java.lang.NullPointerException
at com.qa.SeleniumFramework.test.HomePageTest.homePageSetup(HomePageTest.java:16)
at java.util.concurrent.FutureTask.run(Unknown Source)
at java.util.concurrent.ThreadPoolExecutor.runWorker(Unknown Source)
at java.util.concurrent.ThreadPoolExecutor$Worker.run(Unknown Source)
at java.lang.Thread.run(Unknown Source)
... Removed 17 stack frames]]>
    </failure>
  </testcase> <!-- @BeforeClass homePageSetup -->
  <testcase name="verifyLoginPageTitle" time="0.078" classname="com.qa.SeleniumFramework.test.LoginPageTest"/>
  <testcase name="validateHomePageTitle" time="0.0" classname="com.qa.SeleniumFramework.test.HomePageTest">
    <skipped/>
  </testcase> <!-- validateHomePageTitle -->
  <testcase name="loginToSchoolCafe" time="1.102" classname="com.qa.SeleniumFramework.test.LoginPageTest"/>
  <testcase name="navigateToProductionModule" time="0.0" classname="com.qa.SeleniumFramework.test.HomePageTest">
    <skipped/>
  </testcase> <!-- navigateToProductionModule -->
  <testcase name="@BeforeTest setUp" time="0.0" classname="com.qa.Selenium.base.BaseTest">
    <ignored/>
  </testcase> <!-- @BeforeTest setUp -->
  <testcase name="@AfterTest tearDown" time="0.0" classname="com.qa.Selenium.base.BaseTest">
    <ignored/>
  </testcase> <!-- @AfterTest tearDown -->
</testsuite> <!-- Test -->
